<?xml version="1.0" encoding="UTF-8"?>
<!-- Generated by org.testng.reporters.JUnitReportReporter -->
<testsuite hostname="LAPTOP-AFCS0RCN" failures="0" tests="1" name="demotestng.DemotestngTest" time="0.001" errors="0" timestamp="21 Jul 2022 16:05:57 GMT">
  <testcase classname="demotestng.DemotestngTest" name="DemoTest" time="0.001"/>
</testsuite> <!-- demotestng.DemotestngTest -->
