<?xml version="1.0" encoding="UTF-8"?>
<!-- Generated by org.testng.reporters.JUnitReportReporter -->
<testsuite hostname="LAPTOP-AFCS0RCN" failures="0" tests="2" name="demotestng.Demo1Test" time="0.012" errors="0" timestamp="21 Jul 2022 16:05:57 GMT">
  <testcase classname="demotestng.Demo1Test" name="testcase2" time="0.001"/>
  <testcase classname="demotestng.Demo1Test" name="testcase1" time="0.011"/>
</testsuite> <!-- demotestng.Demo1Test -->
