<?xml version="1.0" encoding="UTF-8"?>
<!-- Generated by org.testng.reporters.JUnitReportReporter -->
<testsuite hostname="LAPTOP-AFCS0RCN" failures="0" tests="2" name="mavenmig21.mig2Test" time="0.020" errors="0" timestamp="21 Jul 2022 15:50:46 GMT">
  <testcase classname="mavenmig21.mig2Test" name="DemoTest" time="0.018"/>
  <testcase classname="mavenmig21.mig2Test" name="simple" time="0.002"/>
</testsuite> <!-- mavenmig21.mig2Test -->
