<?xml version="1.0" encoding="UTF-8"?>
<!-- Generated by org.testng.reporters.JUnitReportReporter -->
<testsuite hostname="LAPTOP-AFCS0RCN" failures="0" tests="1" name="mavenmig21.Demo1Test" time="0.014" errors="0" timestamp="21 Jul 2022 15:04:36 GMT">
  <testcase classname="mavenmig21.Demo1Test" name="testcase2" time="0.014"/>
</testsuite> <!-- mavenmig21.Demo1Test -->
