<?xml version="1.0" encoding="UTF-8"?>
<!-- Generated by org.testng.reporters.JUnitReportReporter -->
<testsuite hostname="LAPTOP-AFCS0RCN" failures="0" tests="2" name="mavenmig21.Mig1Test" time="0.004" errors="0" timestamp="21 Jul 2022 15:08:26 GMT">
  <testcase classname="mavenmig21.Mig1Test" name="testcase2" time="0.001"/>
  <testcase classname="mavenmig21.Mig1Test" name="testcase1" time="0.003"/>
</testsuite> <!-- mavenmig21.Mig1Test -->
